13:28:43,719 INFO  [ModuleDeployer] Deploying module: addressing-1.7.6 - file:/C:/MTIS/apache-tomcat-8.0.20/webapps/ode/WEB-INF/modules/addressing-1.7.6.mar
13:28:43,742 INFO  [ModuleDeployer] Deploying module: metadataExchange-1.7.6 - file:/C:/MTIS/apache-tomcat-8.0.20/webapps/ode/WEB-INF/modules/mex-1.7.6.mar
13:28:43,753 INFO  [ModuleDeployer] Deploying module: rahas-1.7.1 - file:/C:/MTIS/apache-tomcat-8.0.20/webapps/ode/WEB-INF/modules/rahas-1.7.1.mar
13:28:43,768 INFO  [ModuleDeployer] Deploying module: rampart-1.7.1 - file:/C:/MTIS/apache-tomcat-8.0.20/webapps/ode/WEB-INF/modules/rampart-1.7.1.mar
13:28:45,919 INFO  [TCPTransportSender] TCP Sender started
13:28:46,014 INFO  [DeploymentEngine] Deploying Web service: version.aar - file:/C:/MTIS/apache-tomcat-8.0.20/webapps/ode/WEB-INF/services/version.aar
13:28:46,058 INFO  [EmbeddedGeronimoFactory] Using embedded Geronimo transaction manager
13:28:46,441 INFO  [ODEServer] Using DAO Connection Factory class org.apache.ode.dao.jpa.BPELDAOConnectionFactoryImpl.
13:28:46,441 INFO  [Database] Using DAO Connection Factory class org.apache.ode.dao.jpa.BPELDAOConnectionFactoryImpl.
13:28:46,864 INFO  [DbConfStoreConnectionFactory] ProcessStore initializing transaction manager using org.apache.ode.il.EmbeddedGeronimoFactory
13:28:46,864 INFO  [EmbeddedGeronimoFactory] Using embedded Geronimo transaction manager
13:28:47,534 INFO  [JdbcDelegate] Using database Apache Derby major version 10
13:28:47,536 INFO  [JdbcDelegate] Using database dialect: DERBY
13:28:48,475 INFO  [BpelServerImpl] BPEL Server Started.
13:28:48,480 INFO  [SystemSchedulesConfig] SYSTEM CRON configuration: C:\MTIS\apache-tomcat-8.0.20\webapps\ode\WEB-INF\conf\schedules.xml
13:28:49,000 INFO  [DeploymentPoller] Poller started.
13:28:49,000 INFO  [ODEServer] Process deployment polling started on path C:\MTIS\apache-tomcat-8.0.20\webapps\ode\WEB-INF\processes.
13:28:49,001 INFO  [ODEServer] ODE Service Engine has been started.
13:28:49,001 INFO  [WatchDog] [C:\MTIS\apache-tomcat-8.0.20\webapps\ode\WEB-INF\conf\schedules.xml] initialized
13:29:19,021 INFO  [WatchDog] [C:\MTIS\apache-tomcat-8.0.20\webapps\ode\WEB-INF\conf\schedules.xml] initialized
13:29:46,132 INFO  [ProcessStoreImpl] Starting deployment of processes from directory "C:\MTIS\apache-tomcat-8.0.20\webapps\ode\WEB-INF\processes\HMBPEL". 
13:29:46,243 INFO  [DeploymentUnitDir] Can't initialize beans.xml application context org.springframework.beans.factory.BeanDefinitionStoreException: IOException parsing XML document from class path resource [beans.xml]; nested exception is java.io.FileNotFoundException: class path resource [beans.xml] cannot be opened because it does not exist for HMBPEL
13:29:46,572 INFO  [BpelC] info: [CompilingProcess] Compiling BPEL process.
13:29:46,885 INFO  [ProcessStoreImpl] Process {http://sample.bpel.org/bpel/sample}HMBPEL-1 deployed from "{http://sample.bpel.org/bpel/sample}HMBPEL-1".
13:29:46,991 INFO  [WatchDog] [Endpoint files for {DeploymentUnit HMBPEL}] updated
13:29:47,098 INFO  [BpelServerImpl] Registered process {http://sample.bpel.org/bpel/sample}HMBPEL-1.
13:29:47,099 INFO  [DeploymentPoller] Deployment of artifact HMBPEL successful: [{http://sample.bpel.org/bpel/sample}HMBPEL-1]
13:29:50,100 INFO  [WatchDog] [C:\MTIS\apache-tomcat-8.0.20\webapps\ode\WEB-INF\processes\HMBPEL\deploy.xml] updated
13:29:50,101 INFO  [WatchDog] [C:\MTIS\apache-tomcat-8.0.20\webapps\ode\WEB-INF\conf\schedules.xml] initialized
13:30:19,902 INFO  [ModuleDeployer] Deploying module: addressing-1.7.6 - file:/C:/MTIS/apache-tomcat-8.0.20/webapps/ode/WEB-INF/modules/addressing-1.7.6.mar
13:30:19,925 INFO  [ModuleDeployer] Deploying module: metadataExchange-1.7.6 - file:/C:/MTIS/apache-tomcat-8.0.20/webapps/ode/WEB-INF/modules/mex-1.7.6.mar
13:30:19,936 INFO  [ModuleDeployer] Deploying module: rahas-1.7.1 - file:/C:/MTIS/apache-tomcat-8.0.20/webapps/ode/WEB-INF/modules/rahas-1.7.1.mar
13:30:19,950 INFO  [ModuleDeployer] Deploying module: rampart-1.7.1 - file:/C:/MTIS/apache-tomcat-8.0.20/webapps/ode/WEB-INF/modules/rampart-1.7.1.mar
13:30:22,010 INFO  [TCPTransportSender] TCP Sender started
13:30:22,099 INFO  [DeploymentEngine] Deploying Web service: version.aar - file:/C:/MTIS/apache-tomcat-8.0.20/webapps/ode/WEB-INF/services/version.aar
13:30:22,135 INFO  [EmbeddedGeronimoFactory] Using embedded Geronimo transaction manager
13:30:22,482 INFO  [ODEServer] Using DAO Connection Factory class org.apache.ode.dao.jpa.BPELDAOConnectionFactoryImpl.
13:30:22,482 INFO  [Database] Using DAO Connection Factory class org.apache.ode.dao.jpa.BPELDAOConnectionFactoryImpl.
13:30:22,909 INFO  [DbConfStoreConnectionFactory] ProcessStore initializing transaction manager using org.apache.ode.il.EmbeddedGeronimoFactory
13:30:22,909 INFO  [EmbeddedGeronimoFactory] Using embedded Geronimo transaction manager
13:30:23,298 INFO  [JdbcDelegate] Using database Apache Derby major version 10
13:30:23,301 INFO  [JdbcDelegate] Using database dialect: DERBY
13:30:24,740 INFO  [DeploymentUnitDir] Can't initialize beans.xml application context org.springframework.beans.factory.BeanDefinitionStoreException: IOException parsing XML document from class path resource [beans.xml]; nested exception is java.io.FileNotFoundException: class path resource [beans.xml] cannot be opened because it does not exist for HMBPEL
13:30:25,480 INFO  [WatchDog] [Endpoint files for {DeploymentUnit HMBPEL}] updated
13:30:25,799 INFO  [BpelServerImpl] Registered process {http://sample.bpel.org/bpel/sample}HMBPEL-1.
13:30:25,816 INFO  [BpelServerImpl] BPEL Server Started.
13:30:25,822 INFO  [SystemSchedulesConfig] SYSTEM CRON configuration: C:\MTIS\apache-tomcat-8.0.20\webapps\ode\WEB-INF\conf\schedules.xml
13:30:26,014 INFO  [DeploymentPoller] Poller started.
13:30:26,014 INFO  [ODEServer] Process deployment polling started on path C:\MTIS\apache-tomcat-8.0.20\webapps\ode\WEB-INF\processes.
13:30:26,014 INFO  [ODEServer] ODE Service Engine has been started.
13:30:26,016 INFO  [WatchDog] [C:\MTIS\apache-tomcat-8.0.20\webapps\ode\WEB-INF\processes\HMBPEL\deploy.xml] updated
13:30:26,016 INFO  [WatchDog] [C:\MTIS\apache-tomcat-8.0.20\webapps\ode\WEB-INF\conf\schedules.xml] initialized
13:30:56,042 INFO  [WatchDog] [C:\MTIS\apache-tomcat-8.0.20\webapps\ode\WEB-INF\conf\schedules.xml] initialized
13:31:26,069 INFO  [WatchDog] [C:\MTIS\apache-tomcat-8.0.20\webapps\ode\WEB-INF\conf\schedules.xml] initialized
13:31:56,101 INFO  [WatchDog] [C:\MTIS\apache-tomcat-8.0.20\webapps\ode\WEB-INF\conf\schedules.xml] initialized
13:32:26,133 INFO  [WatchDog] [C:\MTIS\apache-tomcat-8.0.20\webapps\ode\WEB-INF\conf\schedules.xml] initialized
13:32:56,164 INFO  [WatchDog] [C:\MTIS\apache-tomcat-8.0.20\webapps\ode\WEB-INF\conf\schedules.xml] initialized
13:33:26,194 INFO  [WatchDog] [C:\MTIS\apache-tomcat-8.0.20\webapps\ode\WEB-INF\conf\schedules.xml] initialized
13:33:56,225 INFO  [WatchDog] [C:\MTIS\apache-tomcat-8.0.20\webapps\ode\WEB-INF\conf\schedules.xml] initialized
13:34:26,261 INFO  [WatchDog] [C:\MTIS\apache-tomcat-8.0.20\webapps\ode\WEB-INF\conf\schedules.xml] initialized
13:34:56,295 INFO  [WatchDog] [C:\MTIS\apache-tomcat-8.0.20\webapps\ode\WEB-INF\conf\schedules.xml] initialized
13:35:26,325 INFO  [WatchDog] [C:\MTIS\apache-tomcat-8.0.20\webapps\ode\WEB-INF\conf\schedules.xml] initialized
13:35:56,358 INFO  [WatchDog] [C:\MTIS\apache-tomcat-8.0.20\webapps\ode\WEB-INF\conf\schedules.xml] initialized
13:36:26,394 INFO  [WatchDog] [C:\MTIS\apache-tomcat-8.0.20\webapps\ode\WEB-INF\conf\schedules.xml] initialized
13:36:56,426 INFO  [WatchDog] [C:\MTIS\apache-tomcat-8.0.20\webapps\ode\WEB-INF\conf\schedules.xml] initialized
13:37:26,461 INFO  [WatchDog] [C:\MTIS\apache-tomcat-8.0.20\webapps\ode\WEB-INF\conf\schedules.xml] initialized
13:37:56,488 INFO  [WatchDog] [C:\MTIS\apache-tomcat-8.0.20\webapps\ode\WEB-INF\conf\schedules.xml] initialized
13:38:26,524 INFO  [WatchDog] [C:\MTIS\apache-tomcat-8.0.20\webapps\ode\WEB-INF\conf\schedules.xml] initialized
13:38:56,560 INFO  [WatchDog] [C:\MTIS\apache-tomcat-8.0.20\webapps\ode\WEB-INF\conf\schedules.xml] initialized
13:39:26,594 INFO  [WatchDog] [C:\MTIS\apache-tomcat-8.0.20\webapps\ode\WEB-INF\conf\schedules.xml] initialized
13:39:56,630 INFO  [WatchDog] [C:\MTIS\apache-tomcat-8.0.20\webapps\ode\WEB-INF\conf\schedules.xml] initialized
13:40:26,667 INFO  [WatchDog] [C:\MTIS\apache-tomcat-8.0.20\webapps\ode\WEB-INF\conf\schedules.xml] initialized
13:40:56,701 INFO  [WatchDog] [C:\MTIS\apache-tomcat-8.0.20\webapps\ode\WEB-INF\conf\schedules.xml] initialized
13:41:26,750 INFO  [WatchDog] [C:\MTIS\apache-tomcat-8.0.20\webapps\ode\WEB-INF\conf\schedules.xml] initialized
13:41:56,785 INFO  [WatchDog] [C:\MTIS\apache-tomcat-8.0.20\webapps\ode\WEB-INF\conf\schedules.xml] initialized
13:42:26,819 INFO  [WatchDog] [C:\MTIS\apache-tomcat-8.0.20\webapps\ode\WEB-INF\conf\schedules.xml] initialized
13:42:56,853 INFO  [WatchDog] [C:\MTIS\apache-tomcat-8.0.20\webapps\ode\WEB-INF\conf\schedules.xml] initialized
13:43:26,888 INFO  [WatchDog] [C:\MTIS\apache-tomcat-8.0.20\webapps\ode\WEB-INF\conf\schedules.xml] initialized
13:43:56,920 INFO  [WatchDog] [C:\MTIS\apache-tomcat-8.0.20\webapps\ode\WEB-INF\conf\schedules.xml] initialized
13:44:26,952 INFO  [WatchDog] [C:\MTIS\apache-tomcat-8.0.20\webapps\ode\WEB-INF\conf\schedules.xml] initialized
13:44:56,988 INFO  [WatchDog] [C:\MTIS\apache-tomcat-8.0.20\webapps\ode\WEB-INF\conf\schedules.xml] initialized
13:45:27,017 INFO  [WatchDog] [C:\MTIS\apache-tomcat-8.0.20\webapps\ode\WEB-INF\conf\schedules.xml] initialized
13:45:57,059 INFO  [WatchDog] [C:\MTIS\apache-tomcat-8.0.20\webapps\ode\WEB-INF\conf\schedules.xml] initialized
13:46:27,090 INFO  [WatchDog] [C:\MTIS\apache-tomcat-8.0.20\webapps\ode\WEB-INF\conf\schedules.xml] initialized
13:46:57,128 INFO  [WatchDog] [C:\MTIS\apache-tomcat-8.0.20\webapps\ode\WEB-INF\conf\schedules.xml] initialized
13:47:27,156 INFO  [WatchDog] [C:\MTIS\apache-tomcat-8.0.20\webapps\ode\WEB-INF\conf\schedules.xml] initialized
13:47:57,187 INFO  [WatchDog] [C:\MTIS\apache-tomcat-8.0.20\webapps\ode\WEB-INF\conf\schedules.xml] initialized
13:48:27,223 INFO  [WatchDog] [C:\MTIS\apache-tomcat-8.0.20\webapps\ode\WEB-INF\conf\schedules.xml] initialized
13:48:57,258 INFO  [WatchDog] [C:\MTIS\apache-tomcat-8.0.20\webapps\ode\WEB-INF\conf\schedules.xml] initialized
13:49:27,281 INFO  [WatchDog] [C:\MTIS\apache-tomcat-8.0.20\webapps\ode\WEB-INF\conf\schedules.xml] initialized
13:49:57,317 INFO  [WatchDog] [C:\MTIS\apache-tomcat-8.0.20\webapps\ode\WEB-INF\conf\schedules.xml] initialized
13:50:27,344 INFO  [WatchDog] [C:\MTIS\apache-tomcat-8.0.20\webapps\ode\WEB-INF\conf\schedules.xml] initialized
13:50:57,378 INFO  [WatchDog] [C:\MTIS\apache-tomcat-8.0.20\webapps\ode\WEB-INF\conf\schedules.xml] initialized
13:51:27,415 INFO  [WatchDog] [C:\MTIS\apache-tomcat-8.0.20\webapps\ode\WEB-INF\conf\schedules.xml] initialized
13:51:57,449 INFO  [WatchDog] [C:\MTIS\apache-tomcat-8.0.20\webapps\ode\WEB-INF\conf\schedules.xml] initialized
13:52:27,484 INFO  [WatchDog] [C:\MTIS\apache-tomcat-8.0.20\webapps\ode\WEB-INF\conf\schedules.xml] initialized
13:52:57,519 INFO  [WatchDog] [C:\MTIS\apache-tomcat-8.0.20\webapps\ode\WEB-INF\conf\schedules.xml] initialized
13:53:27,553 INFO  [WatchDog] [C:\MTIS\apache-tomcat-8.0.20\webapps\ode\WEB-INF\conf\schedules.xml] initialized
13:53:57,593 INFO  [WatchDog] [C:\MTIS\apache-tomcat-8.0.20\webapps\ode\WEB-INF\conf\schedules.xml] initialized
13:54:27,620 INFO  [WatchDog] [C:\MTIS\apache-tomcat-8.0.20\webapps\ode\WEB-INF\conf\schedules.xml] initialized
13:54:57,649 INFO  [WatchDog] [C:\MTIS\apache-tomcat-8.0.20\webapps\ode\WEB-INF\conf\schedules.xml] initialized
13:55:27,682 INFO  [WatchDog] [C:\MTIS\apache-tomcat-8.0.20\webapps\ode\WEB-INF\conf\schedules.xml] initialized
13:55:57,716 INFO  [WatchDog] [C:\MTIS\apache-tomcat-8.0.20\webapps\ode\WEB-INF\conf\schedules.xml] initialized
13:56:27,744 INFO  [WatchDog] [C:\MTIS\apache-tomcat-8.0.20\webapps\ode\WEB-INF\conf\schedules.xml] initialized
13:56:57,777 INFO  [WatchDog] [C:\MTIS\apache-tomcat-8.0.20\webapps\ode\WEB-INF\conf\schedules.xml] initialized
13:57:27,805 INFO  [WatchDog] [C:\MTIS\apache-tomcat-8.0.20\webapps\ode\WEB-INF\conf\schedules.xml] initialized
13:57:57,834 INFO  [WatchDog] [C:\MTIS\apache-tomcat-8.0.20\webapps\ode\WEB-INF\conf\schedules.xml] initialized
13:58:27,872 INFO  [WatchDog] [C:\MTIS\apache-tomcat-8.0.20\webapps\ode\WEB-INF\conf\schedules.xml] initialized
13:58:57,907 INFO  [WatchDog] [C:\MTIS\apache-tomcat-8.0.20\webapps\ode\WEB-INF\conf\schedules.xml] initialized
13:59:27,941 INFO  [WatchDog] [C:\MTIS\apache-tomcat-8.0.20\webapps\ode\WEB-INF\conf\schedules.xml] initialized
13:59:57,971 INFO  [WatchDog] [C:\MTIS\apache-tomcat-8.0.20\webapps\ode\WEB-INF\conf\schedules.xml] initialized
13:01:04,151 INFO  [ModuleDeployer] Deploying module: addressing-1.7.6 - file:/C:/MTIS/apache-tomcat-8.0.20/webapps/ode/WEB-INF/modules/addressing-1.7.6.mar
13:01:04,245 INFO  [ModuleDeployer] Deploying module: metadataExchange-1.7.6 - file:/C:/MTIS/apache-tomcat-8.0.20/webapps/ode/WEB-INF/modules/mex-1.7.6.mar
13:01:04,278 INFO  [ModuleDeployer] Deploying module: rahas-1.7.1 - file:/C:/MTIS/apache-tomcat-8.0.20/webapps/ode/WEB-INF/modules/rahas-1.7.1.mar
13:01:04,313 INFO  [ModuleDeployer] Deploying module: rampart-1.7.1 - file:/C:/MTIS/apache-tomcat-8.0.20/webapps/ode/WEB-INF/modules/rampart-1.7.1.mar
13:01:06,804 INFO  [TCPTransportSender] TCP Sender started
13:01:06,911 INFO  [DeploymentEngine] Deploying Web service: version.aar - file:/C:/MTIS/apache-tomcat-8.0.20/webapps/ode/WEB-INF/services/version.aar
13:01:06,949 INFO  [EmbeddedGeronimoFactory] Using embedded Geronimo transaction manager
13:01:07,326 INFO  [ODEServer] Using DAO Connection Factory class org.apache.ode.dao.jpa.BPELDAOConnectionFactoryImpl.
13:01:07,327 INFO  [Database] Using DAO Connection Factory class org.apache.ode.dao.jpa.BPELDAOConnectionFactoryImpl.
13:01:07,736 INFO  [DbConfStoreConnectionFactory] ProcessStore initializing transaction manager using org.apache.ode.il.EmbeddedGeronimoFactory
13:01:07,736 INFO  [EmbeddedGeronimoFactory] Using embedded Geronimo transaction manager
13:01:08,279 INFO  [JdbcDelegate] Using database Apache Derby major version 10
13:01:08,281 INFO  [JdbcDelegate] Using database dialect: DERBY
13:01:09,737 INFO  [DeploymentUnitDir] Can't initialize beans.xml application context org.springframework.beans.factory.BeanDefinitionStoreException: IOException parsing XML document from class path resource [beans.xml]; nested exception is java.io.FileNotFoundException: class path resource [beans.xml] cannot be opened because it does not exist for HMBPEL
13:01:10,531 INFO  [WatchDog] [Endpoint files for {DeploymentUnit HMBPEL}] updated
13:01:10,894 INFO  [BpelServerImpl] Registered process {http://sample.bpel.org/bpel/sample}HMBPEL-1.
13:01:10,911 INFO  [BpelServerImpl] BPEL Server Started.
13:01:10,917 INFO  [SystemSchedulesConfig] SYSTEM CRON configuration: C:\MTIS\apache-tomcat-8.0.20\webapps\ode\WEB-INF\conf\schedules.xml
13:01:11,167 INFO  [DeploymentPoller] Poller started.
13:01:11,167 INFO  [ODEServer] Process deployment polling started on path C:\MTIS\apache-tomcat-8.0.20\webapps\ode\WEB-INF\processes.
13:01:11,167 INFO  [ODEServer] ODE Service Engine has been started.
13:01:11,172 INFO  [WatchDog] [C:\MTIS\apache-tomcat-8.0.20\webapps\ode\WEB-INF\processes\HMBPEL\deploy.xml] updated
13:01:11,173 INFO  [WatchDog] [C:\MTIS\apache-tomcat-8.0.20\webapps\ode\WEB-INF\conf\schedules.xml] initialized
13:01:32,255 INFO  [BpelServerImpl] Unregistered process {http://sample.bpel.org/bpel/sample}HMBPEL-1.
13:01:32,705 INFO  [BpelServerImpl] Deleted only the process {http://sample.bpel.org/bpel/sample}HMBPEL-1.
13:01:32,708 INFO  [ProcessStoreImpl] Process {http://sample.bpel.org/bpel/sample}HMBPEL-1 has been undeployed.
13:01:32,708 INFO  [ProcessStoreImpl] Starting deployment of processes from directory "C:\MTIS\apache-tomcat-8.0.20\webapps\ode\WEB-INF\processes\HMBPEL". 
13:01:32,710 INFO  [DeploymentUnitDir] Can't initialize beans.xml application context org.springframework.beans.factory.BeanDefinitionStoreException: IOException parsing XML document from class path resource [beans.xml]; nested exception is java.io.FileNotFoundException: class path resource [beans.xml] cannot be opened because it does not exist for HMBPEL
13:01:32,748 INFO  [ProcessStoreImpl] Process {http://sample.bpel.org/bpel/sample}HMBPEL-2 deployed from "{http://sample.bpel.org/bpel/sample}HMBPEL-2".
13:01:32,795 INFO  [WatchDog] [Endpoint files for {DeploymentUnit HMBPEL}] updated
13:01:32,910 INFO  [BpelServerImpl] Registered process {http://sample.bpel.org/bpel/sample}HMBPEL-2.
13:01:32,910 INFO  [DeploymentPoller] Deployment of artifact HMBPEL successful: [{http://sample.bpel.org/bpel/sample}HMBPEL-2]
